39 error Error: Command failed: git commit -F /private/var/folders/gh/16c1yvx16n9_ktd0gv3rl02r0000gp/T/64714c2f-6ffa-4d2a-a963-a46af7606316/lerna-commit.txt
39 error husky > pre-commit (node v12.13.1)
39 error
39 error > free-swagger@ test /Users/bytedance/Desktop/free-swagger
39 error > jest
39 error
39 error PASS packages/client/test/index.test.js
39 error ⠋ ⠋ - 正在生成 mock 文件...
39 error
39 error ✔ mock 文件生成成功，文件根目录地址: /Users/bytedance/Desktop/free-swagger/packages/server/test/mock/swaggerPetstore
39 error - 正在生成 mock 文件...
39 error
39 error ✔ mock 文件生成成功，文件根目录地址: /Users/bytedance/Desktop/free-swagger/packages/server/test/mock/homeIotApi
39 error - 正在生成 mock 文件...
39 error
39 error - 正在生成 api 文件...
39 error ✔ api 文件解析完成
39 error ✔ mock 文件生成成功，文件根目录地址: /Users/bytedance/Desktop/free-swagger/packages/server/test/mock/uberApi
39 error - 正在生成 mock 文件...
39 error
39 error ✔ mock 文件生成成功，文件根目录地址: /Users/bytedance/Desktop/free-swagger/packages/server/test/mock/default
39 error - 正在生成 mock 文件...
39 error
39 error ✔ mock 文件生成成功，文件根目录地址: /Users/bytedance/Desktop/free-swagger/packages/server/test/mock/default
39 error PASS packages/server/test/mock.test.js
39 error   ● Console
39 error
39 error     console.log
39 error       GET /pet/:petId 生成成功
39 error
39 error       at createMockSchema (packages/server/src/mock/index.ts:31:13)
39 error
39 error     console.log
39 error       POST /pet/:petId/uploadImage 生成成功
39 error
39 error       at createMockSchema (packages/server/src/mock/index.ts:31:13)
39 error
39 error     console.log
39 error       GET /pet/findByStatus 生成成功
39 error
39 error       at createMockSchema (packages/server/src/mock/index.ts:31:13)
39 error
39 error     console.log
39 error       GET /pet/findByTags 生成成功
39 error
39 error       at createMockSchema (packages/server/src/mock/index.ts:31:13)
39 error
39 error     console.log
39 error       GET /store/inventory 生成成功
39 error
39 error       at createMockSchema (packages/server/src/mock/index.ts:31:13)
39 error
39 error     console.log
39 error       GET /store/order/:orderId 生成成功
39 error
39 error       at createMockSchema (packages/server/src/mock/index.ts:31:13)
39 error
39 error     console.log
39 error       POST /store/order 生成成功
39 error
39 error       at createMockSchema (packages/server/src/mock/index.ts:31:13)
39 error
39 error     console.log
39 error       GET /user/:username 生成成功
39 error
39 error       at createMockSchema (packages/server/src/mock/index.ts:31:13)
39 error
39 error     console.log
39 error       GET /user/login 生成成功
39 error
39 error       at createMockSchema (packages/server/src/mock/index.ts:31:13)
39 error
39 error     console.log
39 error       GET /devices 生成成功
39 error
39 error       at createMockSchema (packages/server/src/mock/index.ts:31:13)
39 error
39 error     console.log
39 error       POST /lighting/dimmers/:deviceId/:value 生成成功
39 error
39 error       at createMockSchema (packages/server/src/mock/index.ts:31:13)
39 error
39 error     console.log
39 error       POST /lighting/dimmers/:deviceId/:value/timer/:timeunit 生成成功
39 error
39 error       at createMockSchema (packages/server/src/mock/index.ts:31:13)
39 error
39 error     console.log
39 error       GET /lighting/switches/:deviceId 生成成功
39 error
39 error       at createMockSchema (packages/server/src/mock/index.ts:31:13)
39 error
39 error     console.log
39 error       POST /lighting/switches/:deviceId/:value 生成成功
39 error
39 error       at createMockSchema (packages/server/src/mock/index.ts:31:13)
39 error
39 error     console.log
39 error       POST /lighting/switches/:deviceId/:value/timer/:minutes 生成成功
39 error
39 error       at createMockSchema (packages/server/src/mock/index.ts:31:13)
39 error
39 error     console.log
39 error       GET /lightingSummary 生成成功
39 error
39 error       at createMockSchema (packages/server/src/mock/index.ts:31:13)
39 error
39 error     console.log
39 error       GET /temperature 生成成功
39 error
39 error       at createMockSchema (packages/server/src/mock/index.ts:31:13)
39 error
39 error     console.log
39 error       GET /temperature/forecast/:days 生成成功
39 error
39 error       at createMockSchema (packages/server/src/mock/index.ts:31:13)
39 error
39 error     console.log
39 error       GET /temperature/:zoneId 生成成功
39 error
39 error       at createMockSchema (packages/server/src/mock/index.ts:31:13)
39 error
39 error     console.log
39 error       GET /temperature/:zoneId/heater 生成成功
39 error
39 error       at createMockSchema (packages/server/src/mock/index.ts:31:13)
39 error
39 error     console.log
39 error       POST /temperature/:zoneId/heater/:state 生成成功
39 error
39 error       at createMockSchema (packages/server/src/mock/index.ts:31:13)
39 error
39 error     console.log
39 error       GET /zones 生成成功
39 error
39 error       at createMockSchema (packages/server/src/mock/index.ts:31:13)
39 error
39 error     console.warn
39 error
39 error       Error resolving $ref pointer "/Users/bytedance/Desktop/free-swagger/#/definitions/IPagedResult[AuditLogListDto]".
39 error       Token "IPagedResult[AuditLogListDto]" does not exist.
39 error
39 error       87 |     if (this.value[token] === undefined) {
39 error       88 |       // hack 修改抛错行为，防止退出
39 error     > 89 |       console.warn(
39 error          |               ^
39 error       90 |         chalk.yellow(`\nError resolving $ref pointer "${this.originalPath}". \nToken "${token}" does not exist.`)
39 error       91 |       );
39 error       92 |       // throw ono.syntax(`Error resolving $ref pointer "${this.originalPath}". \nToken "${token}" does not exist.`);
39 error
39 error       at Pointer.resolve (packages/server/src/libs/json-schema-ref-parser/lib/pointer.js:89:15)
39 error       at $Ref.resolve (packages/server/src/libs/json-schema-ref-parser/lib/ref.js:83:18)
39 error       at $Refs._resolve (packages/server/src/libs/json-schema-ref-parser/lib/refs.js:155:15)
39 error       at dereference$Ref (packages/server/src/libs/json-schema-ref-parser/lib/dereference.js:99:23)
39 error       at crawl (packages/server/src/libs/json-schema-ref-parser/lib/dereference.js:58:26)
39 error       at crawl (packages/server/src/libs/json-schema-ref-parser/lib/dereference.js:64:28)
39 error       at crawl (packages/server/src/libs/json-schema-ref-parser/lib/dereference.js:64:28)
39 error       at crawl (packages/server/src/libs/json-schema-ref-parser/lib/dereference.js:64:28)
39 error
39 error     console.warn
39 error
39 error       Error resolving $ref pointer "/Users/bytedance/Desktop/free-swagger/#/definitions/List%3CAuditLogListDto%3E".
39 error       Token "List<AuditLogListDto>" does not exist.
39 error
39 error       87 |     if (this.value[token] === undefined) {
39 error       88 |       // hack 修改抛错行为，防止退出
39 error     > 89 |       console.warn(
39 error          |               ^
39 error       90 |         chalk.yellow(`\nError resolving $ref pointer "${this.originalPath}". \nToken "${token}" does not exist.`)
39 error       91 |       );
39 error       92 |       // throw ono.syntax(`Error resolving $ref pointer "${this.originalPath}". \nToken "${token}" does not exist.`);
39 error
39 error       at Pointer.resolve (packages/server/src/libs/json-schema-ref-parser/lib/pointer.js:89:15)
39 error       at $Ref.resolve (packages/server/src/libs/json-schema-ref-parser/lib/ref.js:83:18)
39 error       at $Refs._resolve (packages/server/src/libs/json-schema-ref-parser/lib/refs.js:155:15)
39 error       at dereference$Ref (packages/server/src/libs/json-schema-ref-parser/lib/dereference.js:99:23)
39 error       at crawl (packages/server/src/libs/json-schema-ref-parser/lib/dereference.js:58:26)
39 error       at crawl (packages/server/src/libs/json-schema-ref-parser/lib/dereference.js:64:28)
39 error       at crawl (packages/server/src/libs/json-schema-ref-parser/lib/dereference.js:64:28)
39 error       at crawl (packages/server/src/libs/json-schema-ref-parser/lib/dereference.js:64:28)
39 error
39 error     console.log
39 error       GET /products-test 生成成功
39 error
39 error       at createMockSchema (packages/server/src/mock/index.ts:31:13)
39 error
39 error     console.log
39 error       GET /products 生成成功
39 error
39 error       at createMockSchema (packages/server/src/mock/index.ts:31:13)
39 error
39 error     console.log
39 error       GET /estimates/price 生成成功
39 error
39 error       at createMockSchema (packages/server/src/mock/index.ts:31:13)
39 error
39 error     console.log
39 error       GET /estimates/time 生成成功
39 error
39 error       at createMockSchema (packages/server/src/mock/index.ts:31:13)
39 error
39 error     console.log
39 error       GET /me 生成成功
39 error
39 error       at createMockSchema (packages/server/src/mock/index.ts:31:13)
39 error
39 error     console.log
39 error       GET /history 生成成功
39 error
39 error       at createMockSchema (packages/server/src/mock/index.ts:31:13)
39 error
39 error     console.log
39 error       PUT /crawler/v1/mapper/:id 生成成功
39 error
39 error       at createMockSchema (packages/server/src/mock/index.ts:31:13)
39 error
39 error     console.log
39 error       GET /api/services/app/AuditLog/GetAuditLogs 生成成功
39 error
39 error       at createMockSchema (packages/server/src/mock/index.ts:31:13)
39 error
39 error     console.log
39 error       POST /api/services/app/YmTicketTypical/AddOrUpdateTicketTypical 生成成功
39 error
39 error       at createMockSchema (packages/server/src/mock/index.ts:31:13)
39 error
39 error     console.log
39 error       GET /pet/:petId 生成成功
39 error
39 error       at createMockSchema (packages/server/src/mock/index.ts:31:13)
39 error
39 error     console.log
39 error       POST /pet/:petId/uploadImage 生成成功
39 error
39 error       at createMockSchema (packages/server/src/mock/index.ts:31:13)
39 error
39 error     console.log
39 error       GET /pet/findByStatus 生成成功
39 error
39 error       at createMockSchema (packages/server/src/mock/index.ts:31:13)
39 error
39 error     console.log
39 error       GET /pet/findByTags 生成成功
39 error
39 error       at createMockSchema (packages/server/src/mock/index.ts:31:13)
39 error
39 error     console.log
39 error       GET /store/inventory 生成成功
39 error
39 error       at createMockSchema (packages/server/src/mock/index.ts:31:13)
39 error
39 error     console.log
39 error       GET /store/order/:orderId 生成成功
39 error
39 error       at createMockSchema (packages/server/src/mock/index.ts:31:13)
39 error
39 error     console.log
39 error       POST /store/order 生成成功
39 error
39 error       at createMockSchema (packages/server/src/mock/index.ts:31:13)
39 error
39 error     console.log
39 error       GET /user/:username 生成成功
39 error
39 error       at createMockSchema (packages/server/src/mock/index.ts:31:13)
39 error
39 error     console.log
39 error       GET /user/login 生成成功
39 error
39 error       at createMockSchema (packages/server/src/mock/index.ts:31:13)
39 error
39 error     console.warn
39 error
39 error       Error resolving $ref pointer "/Users/bytedance/Desktop/free-swagger/#/definitions/IPagedResult[AuditLogListDto]".
39 error       Token "IPagedResult[AuditLogListDto]" does not exist.
39 error
39 error       87 |     if (this.value[token] === undefined) {
39 error       88 |       // hack 修改抛错行为，防止退出
39 error     > 89 |       console.warn(
39 error          |               ^
39 error       90 |         chalk.yellow(`\nError resolving $ref pointer "${this.originalPath}". \nToken "${token}" does not exist.`)
39 error       91 |       );
39 error       92 |       // throw ono.syntax(`Error resolving $ref pointer "${this.originalPath}". \nToken "${token}" does not exist.`);
39 error
39 error       at Pointer.resolve (packages/server/src/libs/json-schema-ref-parser/lib/pointer.js:89:15)
39 error       at $Ref.resolve (packages/server/src/libs/json-schema-ref-parser/lib/ref.js:83:18)
39 error       at $Refs._resolve (packages/server/src/libs/json-schema-ref-parser/lib/refs.js:155:15)
39 error       at dereference$Ref (packages/server/src/libs/json-schema-ref-parser/lib/dereference.js:99:23)
39 error       at crawl (packages/server/src/libs/json-schema-ref-parser/lib/dereference.js:58:26)
39 error       at crawl (packages/server/src/libs/json-schema-ref-parser/lib/dereference.js:64:28)
39 error       at crawl (packages/server/src/libs/json-schema-ref-parser/lib/dereference.js:64:28)
39 error       at crawl (packages/server/src/libs/json-schema-ref-parser/lib/dereference.js:64:28)
39 error
39 error     console.warn
39 error
39 error       Error resolving $ref pointer "/Users/bytedance/Desktop/free-swagger/#/definitions/List%3CAuditLogListDto%3E".
39 error       Token "List<AuditLogListDto>" does not exist.
39 error
39 error       87 |     if (this.value[token] === undefined) {
39 error       88 |       // hack 修改抛错行为，防止退出
39 error     > 89 |       console.warn(
39 error          |               ^
39 error       90 |         chalk.yellow(`\nError resolving $ref pointer "${this.originalPath}". \nToken "${token}" does not exist.`)
39 error       91 |       );
39 error       92 |       // throw ono.syntax(`Error resolving $ref pointer "${this.originalPath}". \nToken "${token}" does not exist.`);
39 error
39 error       at Pointer.resolve (packages/server/src/libs/json-schema-ref-parser/lib/pointer.js:89:15)
39 error       at $Ref.resolve (packages/server/src/libs/json-schema-ref-parser/lib/ref.js:83:18)
39 error       at $Refs._resolve (packages/server/src/libs/json-schema-ref-parser/lib/refs.js:155:15)
39 error       at dereference$Ref (packages/server/src/libs/json-schema-ref-parser/lib/dereference.js:99:23)
39 error       at crawl (packages/server/src/libs/json-schema-ref-parser/lib/dereference.js:58:26)
39 error       at crawl (packages/server/src/libs/json-schema-ref-parser/lib/dereference.js:64:28)
39 error       at crawl (packages/server/src/libs/json-schema-ref-parser/lib/dereference.js:64:28)
39 error       at crawl (packages/server/src/libs/json-schema-ref-parser/lib/dereference.js:64:28)
39 error
39 error     console.log
39 error       GET /products-test 生成成功
39 error
39 error       at createMockSchema (packages/server/src/mock/index.ts:31:13)
39 error
39 error     console.log
39 error       GET /products 生成成功
39 error
39 error       at createMockSchema (packages/server/src/mock/index.ts:31:13)
39 error
39 error     console.log
39 error       GET /estimates/price 生成成功
39 error
39 error       at createMockSchema (packages/server/src/mock/index.ts:31:13)
39 error
39 error     console.log
39 error       GET /estimates/time 生成成功
39 error
39 error       at createMockSchema (packages/server/src/mock/index.ts:31:13)
39 error
39 error     console.log
39 error       GET /me 生成成功
39 error
39 error       at createMockSchema (packages/server/src/mock/index.ts:31:13)
39 error
39 error     console.log
39 error       GET /history 生成成功
39 error
39 error       at createMockSchema (packages/server/src/mock/index.ts:31:13)
39 error
39 error     console.log
39 error       PUT /crawler/v1/mapper/:id 生成成功
39 error
39 error       at createMockSchema (packages/server/src/mock/index.ts:31:13)
39 error
39 error     console.log
39 error       GET /api/services/app/AuditLog/GetAuditLogs 生成成功
39 error
39 error       at createMockSchema (packages/server/src/mock/index.ts:31:13)
39 error
39 error     console.log
39 error       POST /api/services/app/YmTicketTypical/AddOrUpdateTicketTypical 生成成功
39 error
39 error       at createMockSchema (packages/server/src/mock/index.ts:31:13)
39 error
39 error ✔ api 文件生成成功，文件根目录地址: /Users/bytedance/Desktop/free-swagger/packages/server/test/api/pkg/swaggerPetstore
39 error - 正在生成 api 文件...
39 error ✔ api 文件解析完成
39 error ✔ api 文件生成成功，文件根目录地址: /Users/bytedance/Desktop/free-swagger/packages/server/test/api/pkg/uberApi
39 error - 正在生成 api 文件...
39 error ✔ api 文件解析完成
39 error ✔ api 文件生成成功，文件根目录地址: /Users/bytedance/Desktop/free-swagger/packages/server/test/api/pkg/homeIotApi
39 error - 正在生成 api 文件...
39 error ✔ api 文件解析完成
39 error ✔ api 文件生成成功，文件根目录地址: /Users/bytedance/Desktop/free-swagger/packages/server/test/api/pkg/default
39 error - 正在生成 api 文件...
39 error ✔ api 文件解析完成
39 error ✔ api 文件生成成功，文件根目录地址: /Users/bytedance/Desktop/free-swagger/packages/server/test/api/pkg/default
39 error - 正在生成 api 文件...
39 error ✔ api 文件解析完成
39 error ✔ api 文件生成成功，文件根目录地址: /Users/bytedance/Desktop/free-swagger/packages/server/test/api/bin/swaggerPetstore
39 error FAIL packages/server/test/index.test.js
39 error   ● Console
39 error
39 error     console.log
39 error       openApi version: 2.0
39 error
39 error       at Object.assertOpenApi2 (packages/server/src/utils.ts:39:13)
39 error
39 error     console.log
39 error       openApi version: 2.0
39 error
39 error       at Object.assertOpenApi2 (packages/server/src/utils.ts:39:13)
39 error
39 error     console.log
39 error       GET /products-test 的 operationId 不存在,无法生成该 api
39 error
39 error       at packages/server/src/parse/path.ts:35:19
39 error           at Array.forEach (<anonymous>)
39 error           at Array.forEach (<anonymous>)
39 error
39 error     console.log
39 error       GET /products 的 operationId 不存在,无法生成该 api
39 error
39 error       at packages/server/src/parse/path.ts:35:19
39 error           at Array.forEach (<anonymous>)
39 error           at Array.forEach (<anonymous>)
39 error
39 error     console.log
39 error       GET /estimates/price 的 operationId 不存在,无法生成该 api
39 error
39 error       at packages/server/src/parse/path.ts:35:19
39 error           at Array.forEach (<anonymous>)
39 error           at Array.forEach (<anonymous>)
39 error
39 error     console.log
39 error       GET /estimates/time 的 operationId 不存在,无法生成该 api
39 error
39 error       at packages/server/src/parse/path.ts:35:19
39 error           at Array.forEach (<anonymous>)
39 error           at Array.forEach (<anonymous>)
39 error
39 error     console.log
39 error       GET /me 的 operationId 不存在,无法生成该 api
39 error
39 error       at packages/server/src/parse/path.ts:35:19
39 error           at Array.forEach (<anonymous>)
39 error           at Array.forEach (<anonymous>)
39 error
39 error     console.log
39 error       GET /history 的 operationId 不存在,无法生成该 api
39 error
39 error       at packages/server/src/parse/path.ts:35:19
39 error           at Array.forEach (<anonymous>)
39 error           at Array.forEach (<anonymous>)
39 error
39 error     console.log
39 error       openApi version: 2.0
39 error
39 error       at Object.assertOpenApi2 (packages/server/src/utils.ts:39:13)
39 error
39 error     console.log
39 error       openApi version: 2.0
39 error
39 error       at Object.assertOpenApi2 (packages/server/src/utils.ts:39:13)
39 error
39 error     console.log
39 error       openApi version: 2.0
39 error
39 error       at Object.assertOpenApi2 (packages/server/src/utils.ts:39:13)
39 error
39 error     console.log
39 error       GET /products-test 的 operationId 不存在,无法生成该 api
39 error
39 error       at packages/server/src/parse/path.ts:35:19
39 error           at Array.forEach (<anonymous>)
39 error           at Array.forEach (<anonymous>)
39 error
39 error     console.log
39 error       GET /products 的 operationId 不存在,无法生成该 api
39 error
39 error       at packages/server/src/parse/path.ts:35:19
39 error           at Array.forEach (<anonymous>)
39 error           at Array.forEach (<anonymous>)
39 error
39 error     console.log
39 error       GET /estimates/price 的 operationId 不存在,无法生成该 api
39 error
39 error       at packages/server/src/parse/path.ts:35:19
39 error           at Array.forEach (<anonymous>)
39 error           at Array.forEach (<anonymous>)
39 error
39 error     console.log
39 error       GET /estimates/time 的 operationId 不存在,无法生成该 api
39 error
39 error       at packages/server/src/parse/path.ts:35:19
39 error           at Array.forEach (<anonymous>)
39 error           at Array.forEach (<anonymous>)
39 error
39 error     console.log
39 error       GET /me 的 operationId 不存在,无法生成该 api
39 error
39 error       at packages/server/src/parse/path.ts:35:19
39 error           at Array.forEach (<anonymous>)
39 error           at Array.forEach (<anonymous>)
39 error
39 error     console.log
39 error       GET /history 的 operationId 不存在,无法生成该 api
39 error
39 error       at packages/server/src/parse/path.ts:35:19
39 error           at Array.forEach (<anonymous>)
39 error           at Array.forEach (<anonymous>)
39 error
39 error     console.log
39 error       openApi version: 2.0
39 error
39 error       at Object.assertOpenApi2 (packages/server/src/utils.ts:39:13)
39 error
39 error   ● pkg › ts language
39 error
39 error     expect(received).toMatchSnapshot()
39 error
39 error     Snapshot name: `pkg ts language 4`
39 error
39 error     - Snapshot  - 2
39 error     + Received  + 4
39 error
39 error     @@ -3,12 +3,14 @@
39 error       /* eslint-disable */
39 error       import axios, { AxiosResponse } from "axios";
39 error
39 error       export const UpdateMapper = (
39 error         params: { [key: string]: never },
39 error     -   { id } = {
39 error     +   {
39 error     +     id
39 error     +   }: {
39 error     -     id: string
39 error     +     id: string;
39 error         }
39 error       ) =>
39 error         axios.request<string, AxiosResponse<string>>({
39 error           url: `/crawler/v1/mapper/${id}`,
39 error           method: "put",
39 error
39 error       25 |   filesPath.forEach(filename => {
39 error       26 |     const file = fs.readFileSync(path.resolve(dirPath, filename), "utf-8");
39 error     > 27 |     expect(file).toMatchSnapshot();
39 error          |                  ^
39 error       28 |   });
39 error       29 | };
39 error       30 |
39 error
39 error       at forEach (packages/server/test/index.test.js:27:18)
39 error           at Array.forEach (<anonymous>)
39 error       at assertFiles (packages/server/test/index.test.js:25:13)
39 error       at Object.<anonymous> (packages/server/test/index.test.js:55:5)
39 error
39 error   ● bin › can remember previous configuration
39 error
39 error     expect(received).toMatchSnapshot()
39 error
39 error     Snapshot name: `bin can remember previous configuration 1`
39 error
39 error     - Snapshot  - 1
39 error     + Received  + 1
39 error
39 error     @@ -64,11 +64,11 @@
39 error           ? `params: ${IParams},`
39 error           : IPathParams
39 error           ? \"params:{[key:string]: never},\"
39 error           : \"\"
39 error       }${
39 error     -   pathParams.length ? `{${pathParams.join(\",\")}} = ${IPathParams}` : \"\"
39 error     +   pathParams.length ? `{${pathParams.join(\",\")}} : ${IPathParams}` : \"\"
39 error       }) => axios.request<${IResponse || \"any\"},AxiosResponse<${IResponse ||
39 error       \"any\"}>>({
39 error            url: \\`${parsedUrl}\\`,
39 error            method: \"${method}\",
39 error            params:${method === \"get\" ? IParams ? \"params,\" : \"{},\" : \"{},\"}
39 error
39 error       166 |
39 error       167 |   test("can remember previous configuration", () => {
39 error     > 168 |     expect(rc.configData).toMatchSnapshot();
39 error           |                           ^
39 error       169 |   });
39 error       170 |
39 error       171 |   // todo 缓存测试
39 error
39 error       at Object.<anonymous> (packages/server/test/index.test.js:168:27)
39 error
39 error  › 2 snapshots failed.
39 error Snapshot Summary
39 error  › 2 snapshots failed from 1 test suite. Inspect your code changes or run `npm test -- -u` to update them.
39 error
39 error Test Suites: 1 failed, 2 passed, 3 total
39 error Tests:       2 failed, 21 passed, 23 total
39 error Snapshots:   2 failed, 40 passed, 42 total
39 error Time:        3.897 s
39 error Ran all test suites.
39 error npm ERR! code ELIFECYCLE
39 error npm ERR! errno 1
39 error npm ERR! free-swagger@ test: `jest`
39 error npm ERR! Exit status 1
39 error npm ERR!
39 error npm ERR! Failed at the free-swagger@ test script.
39 error npm ERR! This is probably not a problem with npm. There is likely additional logging output above.
39 error
39 error npm ERR! A complete log of this run can be found in:
39 error npm ERR!     /Users/bytedance/.npm/_logs/2020-06-20T05_22_34_249Z-debug.log
39 error husky > pre-commit hook failed (add --no-verify to bypass)
39 error
39 error     at makeError (/Users/bytedance/Desktop/free-swagger/node_modules/execa/index.js:174:9)
39 error     at /Users/bytedance/Desktop/free-swagger/node_modules/execa/index.js:278:16
39 error     at processTicksAndRejections (internal/process/task_queues.js:93:5)
